The system is: Linux - 3.13.0-37-generic - x86_64
Compiling the C compiler identification source file "CMakeCCompilerId.c" succeeded.
Compiler: /usr/bin/cc 
Build flags: 
Id flags: 

The output was:
0


Compilation of the C compiler identification source "CMakeCCompilerId.c" produced "a.out"

The C compiler identification is GNU, found in "/home/zhangzhiliang/workspace/src/libgit2/build/CMakeFiles/2.8.12.2/CompilerIdC/a.out"

Determining if the C compiler works passed with the following output:
Change Dir: /home/zhangzhiliang/workspace/src/libgit2/build/CMakeFiles/CMakeTmp

Run Build Command:/usr/bin/make "cmTryCompileExec115611832/fast"
/usr/bin/make -f CMakeFiles/cmTryCompileExec115611832.dir/build.make CMakeFiles/cmTryCompileExec115611832.dir/build
make[1]: 正在进入目录 `/home/zhangzhiliang/workspace/src/libgit2/build/CMakeFiles/CMakeTmp'
/usr/bin/cmake -E cmake_progress_report /home/zhangzhiliang/workspace/src/libgit2/build/CMakeFiles/CMakeTmp/CMakeFiles 1
Building C object CMakeFiles/cmTryCompileExec115611832.dir/testCCompiler.c.o
/usr/bin/cc    -o CMakeFiles/cmTryCompileExec115611832.dir/testCCompiler.c.o   -c /home/zhangzhiliang/workspace/src/libgit2/build/CMakeFiles/CMakeTmp/testCCompiler.c
Linking C executable cmTryCompileExec115611832
/usr/bin/cmake -E cmake_link_script CMakeFiles/cmTryCompileExec115611832.dir/link.txt --verbose=1
/usr/bin/cc       CMakeFiles/cmTryCompileExec115611832.dir/testCCompiler.c.o  -o cmTryCompileExec115611832 -rdynamic 
make[1]:正在离开目录 `/home/zhangzhiliang/workspace/src/libgit2/build/CMakeFiles/CMakeTmp'


Detecting C compiler ABI info compiled with the following output:
Change Dir: /home/zhangzhiliang/workspace/src/libgit2/build/CMakeFiles/CMakeTmp

Run Build Command:/usr/bin/make "cmTryCompileExec1212323400/fast"
/usr/bin/make -f CMakeFiles/cmTryCompileExec1212323400.dir/build.make CMakeFiles/cmTryCompileExec1212323400.dir/build
make[1]: 正在进入目录 `/home/zhangzhiliang/workspace/src/libgit2/build/CMakeFiles/CMakeTmp'
/usr/bin/cmake -E cmake_progress_report /home/zhangzhiliang/workspace/src/libgit2/build/CMakeFiles/CMakeTmp/CMakeFiles 1
Building C object CMakeFiles/cmTryCompileExec1212323400.dir/CMakeCCompilerABI.c.o
/usr/bin/cc    -o CMakeFiles/cmTryCompileExec1212323400.dir/CMakeCCompilerABI.c.o   -c /usr/share/cmake-2.8/Modules/CMakeCCompilerABI.c
Linking C executable cmTryCompileExec1212323400
/usr/bin/cmake -E cmake_link_script CMakeFiles/cmTryCompileExec1212323400.dir/link.txt --verbose=1
/usr/bin/cc     -v CMakeFiles/cmTryCompileExec1212323400.dir/CMakeCCompilerABI.c.o  -o cmTryCompileExec1212323400 -rdynamic  
Using built-in specs.
COLLECT_GCC=/usr/bin/cc
COLLECT_LTO_WRAPPER=/usr/lib/gcc/x86_64-linux-gnu/4.8/lto-wrapper
Target: x86_64-linux-gnu
Configured with: ../src/configure -v --with-pkgversion='Ubuntu 4.8.2-19ubuntu1' --with-bugurl=file:///usr/share/doc/gcc-4.8/README.Bugs --enable-languages=c,c++,java,go,d,fortran,objc,obj-c++ --prefix=/usr --program-suffix=-4.8 --enable-shared --enable-linker-build-id --libexecdir=/usr/lib --without-included-gettext --enable-threads=posix --with-gxx-include-dir=/usr/include/c++/4.8 --libdir=/usr/lib --enable-nls --with-sysroot=/ --enable-clocale=gnu --enable-libstdcxx-debug --enable-libstdcxx-time=yes --enable-gnu-unique-object --disable-libmudflap --enable-plugin --with-system-zlib --disable-browser-plugin --enable-java-awt=gtk --enable-gtk-cairo --with-java-home=/usr/lib/jvm/java-1.5.0-gcj-4.8-amd64/jre --enable-java-home --with-jvm-root-dir=/usr/lib/jvm/java-1.5.0-gcj-4.8-amd64 --with-jvm-jar-dir=/usr/lib/jvm-exports/java-1.5.0-gcj-4.8-amd64 --with-arch-directory=amd64 --with-ecj-jar=/usr/share/java/eclipse-ecj.jar --enable-objc-gc --enable-multiarch --disable-werror --with-arch-32=i686 --with-abi=m64 --with-multilib-list=m32,m64,mx32 --with-tune=generic --enable-checking=release --build=x86_64-linux-gnu --host=x86_64-linux-gnu --target=x86_64-linux-gnu
Thread model: posix
gcc version 4.8.2 (Ubuntu 4.8.2-19ubuntu1) 
COMPILER_PATH=/usr/lib/gcc/x86_64-linux-gnu/4.8/:/usr/lib/gcc/x86_64-linux-gnu/4.8/:/usr/lib/gcc/x86_64-linux-gnu/:/usr/lib/gcc/x86_64-linux-gnu/4.8/:/usr/lib/gcc/x86_64-linux-gnu/
LIBRARY_PATH=/usr/lib/gcc/x86_64-linux-gnu/4.8/:/usr/lib/gcc/x86_64-linux-gnu/4.8/../../../x86_64-linux-gnu/:/usr/lib/gcc/x86_64-linux-gnu/4.8/../../../../lib/:/lib/x86_64-linux-gnu/:/lib/../lib/:/usr/lib/x86_64-linux-gnu/:/usr/lib/../lib/:/usr/lib/gcc/x86_64-linux-gnu/4.8/../../../:/lib/:/usr/lib/
COLLECT_GCC_OPTIONS='-v' '-o' 'cmTryCompileExec1212323400' '-rdynamic' '-mtune=generic' '-march=x86-64'
 /usr/lib/gcc/x86_64-linux-gnu/4.8/collect2 --sysroot=/ --build-id --eh-frame-hdr -m elf_x86_64 --hash-style=gnu --as-needed -export-dynamic -dynamic-linker /lib64/ld-linux-x86-64.so.2 -z relro -o cmTryCompileExec1212323400 /usr/lib/gcc/x86_64-linux-gnu/4.8/../../../x86_64-linux-gnu/crt1.o /usr/lib/gcc/x86_64-linux-gnu/4.8/../../../x86_64-linux-gnu/crti.o /usr/lib/gcc/x86_64-linux-gnu/4.8/crtbegin.o -L/usr/lib/gcc/x86_64-linux-gnu/4.8 -L/usr/lib/gcc/x86_64-linux-gnu/4.8/../../../x86_64-linux-gnu -L/usr/lib/gcc/x86_64-linux-gnu/4.8/../../../../lib -L/lib/x86_64-linux-gnu -L/lib/../lib -L/usr/lib/x86_64-linux-gnu -L/usr/lib/../lib -L/usr/lib/gcc/x86_64-linux-gnu/4.8/../../.. CMakeFiles/cmTryCompileExec1212323400.dir/CMakeCCompilerABI.c.o -lgcc --as-needed -lgcc_s --no-as-needed -lc -lgcc --as-needed -lgcc_s --no-as-needed /usr/lib/gcc/x86_64-linux-gnu/4.8/crtend.o /usr/lib/gcc/x86_64-linux-gnu/4.8/../../../x86_64-linux-gnu/crtn.o
make[1]:正在离开目录 `/home/zhangzhiliang/workspace/src/libgit2/build/CMakeFiles/CMakeTmp'


Parsed C implicit link information from above output:
  link line regex: [^( *|.*[/\])(ld|([^/\]+-)?ld|collect2)[^/\]*( |$)]
  ignore line: [Change Dir: /home/zhangzhiliang/workspace/src/libgit2/build/CMakeFiles/CMakeTmp]
  ignore line: []
  ignore line: [Run Build Command:/usr/bin/make "cmTryCompileExec1212323400/fast"]
  ignore line: [/usr/bin/make -f CMakeFiles/cmTryCompileExec1212323400.dir/build.make CMakeFiles/cmTryCompileExec1212323400.dir/build]
  ignore line: [make[1]: 正在进入目录 `/home/zhangzhiliang/workspace/src/libgit2/build/CMakeFiles/CMakeTmp']
  ignore line: [/usr/bin/cmake -E cmake_progress_report /home/zhangzhiliang/workspace/src/libgit2/build/CMakeFiles/CMakeTmp/CMakeFiles 1]
  ignore line: [Building C object CMakeFiles/cmTryCompileExec1212323400.dir/CMakeCCompilerABI.c.o]
  ignore line: [/usr/bin/cc    -o CMakeFiles/cmTryCompileExec1212323400.dir/CMakeCCompilerABI.c.o   -c /usr/share/cmake-2.8/Modules/CMakeCCompilerABI.c]
  ignore line: [Linking C executable cmTryCompileExec1212323400]
  ignore line: [/usr/bin/cmake -E cmake_link_script CMakeFiles/cmTryCompileExec1212323400.dir/link.txt --verbose=1]
  ignore line: [/usr/bin/cc     -v CMakeFiles/cmTryCompileExec1212323400.dir/CMakeCCompilerABI.c.o  -o cmTryCompileExec1212323400 -rdynamic  ]
  ignore line: [Using built-in specs.]
  ignore line: [COLLECT_GCC=/usr/bin/cc]
  ignore line: [COLLECT_LTO_WRAPPER=/usr/lib/gcc/x86_64-linux-gnu/4.8/lto-wrapper]
  ignore line: [Target: x86_64-linux-gnu]
  ignore line: [Configured with: ../src/configure -v --with-pkgversion='Ubuntu 4.8.2-19ubuntu1' --with-bugurl=file:///usr/share/doc/gcc-4.8/README.Bugs --enable-languages=c,c++,java,go,d,fortran,objc,obj-c++ --prefix=/usr --program-suffix=-4.8 --enable-shared --enable-linker-build-id --libexecdir=/usr/lib --without-included-gettext --enable-threads=posix --with-gxx-include-dir=/usr/include/c++/4.8 --libdir=/usr/lib --enable-nls --with-sysroot=/ --enable-clocale=gnu --enable-libstdcxx-debug --enable-libstdcxx-time=yes --enable-gnu-unique-object --disable-libmudflap --enable-plugin --with-system-zlib --disable-browser-plugin --enable-java-awt=gtk --enable-gtk-cairo --with-java-home=/usr/lib/jvm/java-1.5.0-gcj-4.8-amd64/jre --enable-java-home --with-jvm-root-dir=/usr/lib/jvm/java-1.5.0-gcj-4.8-amd64 --with-jvm-jar-dir=/usr/lib/jvm-exports/java-1.5.0-gcj-4.8-amd64 --with-arch-directory=amd64 --with-ecj-jar=/usr/share/java/eclipse-ecj.jar --enable-objc-gc --enable-multiarch --disable-werror --with-arch-32=i686 --with-abi=m64 --with-multilib-list=m32,m64,mx32 --with-tune=generic --enable-checking=release --build=x86_64-linux-gnu --host=x86_64-linux-gnu --target=x86_64-linux-gnu]
  ignore line: [Thread model: posix]
  ignore line: [gcc version 4.8.2 (Ubuntu 4.8.2-19ubuntu1) ]
  ignore line: [COMPILER_PATH=/usr/lib/gcc/x86_64-linux-gnu/4.8/:/usr/lib/gcc/x86_64-linux-gnu/4.8/:/usr/lib/gcc/x86_64-linux-gnu/:/usr/lib/gcc/x86_64-linux-gnu/4.8/:/usr/lib/gcc/x86_64-linux-gnu/]
  ignore line: [LIBRARY_PATH=/usr/lib/gcc/x86_64-linux-gnu/4.8/:/usr/lib/gcc/x86_64-linux-gnu/4.8/../../../x86_64-linux-gnu/:/usr/lib/gcc/x86_64-linux-gnu/4.8/../../../../lib/:/lib/x86_64-linux-gnu/:/lib/../lib/:/usr/lib/x86_64-linux-gnu/:/usr/lib/../lib/:/usr/lib/gcc/x86_64-linux-gnu/4.8/../../../:/lib/:/usr/lib/]
  ignore line: [COLLECT_GCC_OPTIONS='-v' '-o' 'cmTryCompileExec1212323400' '-rdynamic' '-mtune=generic' '-march=x86-64']
  link line: [ /usr/lib/gcc/x86_64-linux-gnu/4.8/collect2 --sysroot=/ --build-id --eh-frame-hdr -m elf_x86_64 --hash-style=gnu --as-needed -export-dynamic -dynamic-linker /lib64/ld-linux-x86-64.so.2 -z relro -o cmTryCompileExec1212323400 /usr/lib/gcc/x86_64-linux-gnu/4.8/../../../x86_64-linux-gnu/crt1.o /usr/lib/gcc/x86_64-linux-gnu/4.8/../../../x86_64-linux-gnu/crti.o /usr/lib/gcc/x86_64-linux-gnu/4.8/crtbegin.o -L/usr/lib/gcc/x86_64-linux-gnu/4.8 -L/usr/lib/gcc/x86_64-linux-gnu/4.8/../../../x86_64-linux-gnu -L/usr/lib/gcc/x86_64-linux-gnu/4.8/../../../../lib -L/lib/x86_64-linux-gnu -L/lib/../lib -L/usr/lib/x86_64-linux-gnu -L/usr/lib/../lib -L/usr/lib/gcc/x86_64-linux-gnu/4.8/../../.. CMakeFiles/cmTryCompileExec1212323400.dir/CMakeCCompilerABI.c.o -lgcc --as-needed -lgcc_s --no-as-needed -lc -lgcc --as-needed -lgcc_s --no-as-needed /usr/lib/gcc/x86_64-linux-gnu/4.8/crtend.o /usr/lib/gcc/x86_64-linux-gnu/4.8/../../../x86_64-linux-gnu/crtn.o]
    arg [/usr/lib/gcc/x86_64-linux-gnu/4.8/collect2] ==> ignore
    arg [--sysroot=/] ==> ignore
    arg [--build-id] ==> ignore
    arg [--eh-frame-hdr] ==> ignore
    arg [-m] ==> ignore
    arg [elf_x86_64] ==> ignore
    arg [--hash-style=gnu] ==> ignore
    arg [--as-needed] ==> ignore
    arg [-export-dynamic] ==> ignore
    arg [-dynamic-linker] ==> ignore
    arg [/lib64/ld-linux-x86-64.so.2] ==> ignore
    arg [-zrelro] ==> ignore
    arg [-o] ==> ignore
    arg [cmTryCompileExec1212323400] ==> ignore
    arg [/usr/lib/gcc/x86_64-linux-gnu/4.8/../../../x86_64-linux-gnu/crt1.o] ==> ignore
    arg [/usr/lib/gcc/x86_64-linux-gnu/4.8/../../../x86_64-linux-gnu/crti.o] ==> ignore
    arg [/usr/lib/gcc/x86_64-linux-gnu/4.8/crtbegin.o] ==> ignore
    arg [-L/usr/lib/gcc/x86_64-linux-gnu/4.8] ==> dir [/usr/lib/gcc/x86_64-linux-gnu/4.8]
    arg [-L/usr/lib/gcc/x86_64-linux-gnu/4.8/../../../x86_64-linux-gnu] ==> dir [/usr/lib/gcc/x86_64-linux-gnu/4.8/../../../x86_64-linux-gnu]
    arg [-L/usr/lib/gcc/x86_64-linux-gnu/4.8/../../../../lib] ==> dir [/usr/lib/gcc/x86_64-linux-gnu/4.8/../../../../lib]
    arg [-L/lib/x86_64-linux-gnu] ==> dir [/lib/x86_64-linux-gnu]
    arg [-L/lib/../lib] ==> dir [/lib/../lib]
    arg [-L/usr/lib/x86_64-linux-gnu] ==> dir [/usr/lib/x86_64-linux-gnu]
    arg [-L/usr/lib/../lib] ==> dir [/usr/lib/../lib]
    arg [-L/usr/lib/gcc/x86_64-linux-gnu/4.8/../../..] ==> dir [/usr/lib/gcc/x86_64-linux-gnu/4.8/../../..]
    arg [CMakeFiles/cmTryCompileExec1212323400.dir/CMakeCCompilerABI.c.o] ==> ignore
    arg [-lgcc] ==> lib [gcc]
    arg [--as-needed] ==> ignore
    arg [-lgcc_s] ==> lib [gcc_s]
    arg [--no-as-needed] ==> ignore
    arg [-lc] ==> lib [c]
    arg [-lgcc] ==> lib [gcc]
    arg [--as-needed] ==> ignore
    arg [-lgcc_s] ==> lib [gcc_s]
    arg [--no-as-needed] ==> ignore
    arg [/usr/lib/gcc/x86_64-linux-gnu/4.8/crtend.o] ==> ignore
    arg [/usr/lib/gcc/x86_64-linux-gnu/4.8/../../../x86_64-linux-gnu/crtn.o] ==> ignore
  remove lib [gcc]
  remove lib [gcc_s]
  remove lib [gcc]
  remove lib [gcc_s]
  collapse library dir [/usr/lib/gcc/x86_64-linux-gnu/4.8] ==> [/usr/lib/gcc/x86_64-linux-gnu/4.8]
  collapse library dir [/usr/lib/gcc/x86_64-linux-gnu/4.8/../../../x86_64-linux-gnu] ==> [/usr/lib/x86_64-linux-gnu]
  collapse library dir [/usr/lib/gcc/x86_64-linux-gnu/4.8/../../../../lib] ==> [/usr/lib]
  collapse library dir [/lib/x86_64-linux-gnu] ==> [/lib/x86_64-linux-gnu]
  collapse library dir [/lib/../lib] ==> [/lib]
  collapse library dir [/usr/lib/x86_64-linux-gnu] ==> [/usr/lib/x86_64-linux-gnu]
  collapse library dir [/usr/lib/../lib] ==> [/usr/lib]
  collapse library dir [/usr/lib/gcc/x86_64-linux-gnu/4.8/../../..] ==> [/usr/lib]
  implicit libs: [c]
  implicit dirs: [/usr/lib/gcc/x86_64-linux-gnu/4.8;/usr/lib/x86_64-linux-gnu;/usr/lib;/lib/x86_64-linux-gnu;/lib]
  implicit fwks: []


Performing C SOURCE FILE Test IS_FVISIBILITY=HIDDEN_SUPPORTED succeded with the following output:
Change Dir: /home/zhangzhiliang/workspace/src/libgit2/build/CMakeFiles/CMakeTmp

Run Build Command:/usr/bin/make "cmTryCompileExec2724404851/fast"
/usr/bin/make -f CMakeFiles/cmTryCompileExec2724404851.dir/build.make CMakeFiles/cmTryCompileExec2724404851.dir/build
make[1]: Entering directory `/home/zhangzhiliang/workspace/src/libgit2/build/CMakeFiles/CMakeTmp'
/usr/bin/cmake -E cmake_progress_report /home/zhangzhiliang/workspace/src/libgit2/build/CMakeFiles/CMakeTmp/CMakeFiles 1
Building C object CMakeFiles/cmTryCompileExec2724404851.dir/src.c.o
/usr/bin/cc   -D_GNU_SOURCE -Wall -Wextra  -DIS_FVISIBILITY=HIDDEN_SUPPORTED   -fvisibility=hidden -o CMakeFiles/cmTryCompileExec2724404851.dir/src.c.o   -c /home/zhangzhiliang/workspace/src/libgit2/build/CMakeFiles/CMakeTmp/src.c
Linking C executable cmTryCompileExec2724404851
/usr/bin/cmake -E cmake_link_script CMakeFiles/cmTryCompileExec2724404851.dir/link.txt --verbose=1
/usr/bin/cc  -D_GNU_SOURCE -Wall -Wextra  -DIS_FVISIBILITY=HIDDEN_SUPPORTED    CMakeFiles/cmTryCompileExec2724404851.dir/src.c.o  -o cmTryCompileExec2724404851 -rdynamic 
make[1]: Leaving directory `/home/zhangzhiliang/workspace/src/libgit2/build/CMakeFiles/CMakeTmp'

Source file was:
int main(void) { return 0; }
Performing C SOURCE FILE Test IS_WNO-MISSING-FIELD-INITIALIZERS_SUPPORTED succeded with the following output:
Change Dir: /home/zhangzhiliang/workspace/src/libgit2/build/CMakeFiles/CMakeTmp

Run Build Command:/usr/bin/make "cmTryCompileExec2936510516/fast"
/usr/bin/make -f CMakeFiles/cmTryCompileExec2936510516.dir/build.make CMakeFiles/cmTryCompileExec2936510516.dir/build
make[1]: Entering directory `/home/zhangzhiliang/workspace/src/libgit2/build/CMakeFiles/CMakeTmp'
/usr/bin/cmake -E cmake_progress_report /home/zhangzhiliang/workspace/src/libgit2/build/CMakeFiles/CMakeTmp/CMakeFiles 1
Building C object CMakeFiles/cmTryCompileExec2936510516.dir/src.c.o
/usr/bin/cc   -D_GNU_SOURCE -Wall -Wextra  -fvisibility=hidden -fPIC -DIS_WNO-MISSING-FIELD-INITIALIZERS_SUPPORTED   -Wno-missing-field-initializers -o CMakeFiles/cmTryCompileExec2936510516.dir/src.c.o   -c /home/zhangzhiliang/workspace/src/libgit2/build/CMakeFiles/CMakeTmp/src.c
<command-line>:0:7: warning: missing whitespace after the macro name [enabled by default]
Linking C executable cmTryCompileExec2936510516
/usr/bin/cmake -E cmake_link_script CMakeFiles/cmTryCompileExec2936510516.dir/link.txt --verbose=1
/usr/bin/cc  -D_GNU_SOURCE -Wall -Wextra  -fvisibility=hidden -fPIC -DIS_WNO-MISSING-FIELD-INITIALIZERS_SUPPORTED    CMakeFiles/cmTryCompileExec2936510516.dir/src.c.o  -o cmTryCompileExec2936510516 -rdynamic 
make[1]: Leaving directory `/home/zhangzhiliang/workspace/src/libgit2/build/CMakeFiles/CMakeTmp'

Source file was:
int main(void) { return 0; }
Performing C SOURCE FILE Test IS_WSTRICT-ALIASING=2_SUPPORTED succeded with the following output:
Change Dir: /home/zhangzhiliang/workspace/src/libgit2/build/CMakeFiles/CMakeTmp

Run Build Command:/usr/bin/make "cmTryCompileExec2618268629/fast"
/usr/bin/make -f CMakeFiles/cmTryCompileExec2618268629.dir/build.make CMakeFiles/cmTryCompileExec2618268629.dir/build
make[1]: Entering directory `/home/zhangzhiliang/workspace/src/libgit2/build/CMakeFiles/CMakeTmp'
/usr/bin/cmake -E cmake_progress_report /home/zhangzhiliang/workspace/src/libgit2/build/CMakeFiles/CMakeTmp/CMakeFiles 1
Building C object CMakeFiles/cmTryCompileExec2618268629.dir/src.c.o
/usr/bin/cc   -D_GNU_SOURCE -Wall -Wextra  -fvisibility=hidden -fPIC -Wno-missing-field-initializers -DIS_WSTRICT-ALIASING=2_SUPPORTED   -Wstrict-aliasing=2 -o CMakeFiles/cmTryCompileExec2618268629.dir/src.c.o   -c /home/zhangzhiliang/workspace/src/libgit2/build/CMakeFiles/CMakeTmp/src.c
<command-line>:0:11: warning: missing whitespace after the macro name [enabled by default]
Linking C executable cmTryCompileExec2618268629
/usr/bin/cmake -E cmake_link_script CMakeFiles/cmTryCompileExec2618268629.dir/link.txt --verbose=1
/usr/bin/cc  -D_GNU_SOURCE -Wall -Wextra  -fvisibility=hidden -fPIC -Wno-missing-field-initializers -DIS_WSTRICT-ALIASING=2_SUPPORTED    CMakeFiles/cmTryCompileExec2618268629.dir/src.c.o  -o cmTryCompileExec2618268629 -rdynamic 
make[1]: Leaving directory `/home/zhangzhiliang/workspace/src/libgit2/build/CMakeFiles/CMakeTmp'

Source file was:
int main(void) { return 0; }
Performing C SOURCE FILE Test IS_WSTRICT-PROTOTYPES_SUPPORTED succeded with the following output:
Change Dir: /home/zhangzhiliang/workspace/src/libgit2/build/CMakeFiles/CMakeTmp

Run Build Command:/usr/bin/make "cmTryCompileExec3775674064/fast"
/usr/bin/make -f CMakeFiles/cmTryCompileExec3775674064.dir/build.make CMakeFiles/cmTryCompileExec3775674064.dir/build
make[1]: Entering directory `/home/zhangzhiliang/workspace/src/libgit2/build/CMakeFiles/CMakeTmp'
/usr/bin/cmake -E cmake_progress_report /home/zhangzhiliang/workspace/src/libgit2/build/CMakeFiles/CMakeTmp/CMakeFiles 1
Building C object CMakeFiles/cmTryCompileExec3775674064.dir/src.c.o
/usr/bin/cc   -D_GNU_SOURCE -Wall -Wextra  -fvisibility=hidden -fPIC -Wno-missing-field-initializers -Wstrict-aliasing=2 -DIS_WSTRICT-PROTOTYPES_SUPPORTED   -Wstrict-prototypes -o CMakeFiles/cmTryCompileExec3775674064.dir/src.c.o   -c /home/zhangzhiliang/workspace/src/libgit2/build/CMakeFiles/CMakeTmp/src.c
<command-line>:0:11: warning: missing whitespace after the macro name [enabled by default]
Linking C executable cmTryCompileExec3775674064
/usr/bin/cmake -E cmake_link_script CMakeFiles/cmTryCompileExec3775674064.dir/link.txt --verbose=1
/usr/bin/cc  -D_GNU_SOURCE -Wall -Wextra  -fvisibility=hidden -fPIC -Wno-missing-field-initializers -Wstrict-aliasing=2 -DIS_WSTRICT-PROTOTYPES_SUPPORTED    CMakeFiles/cmTryCompileExec3775674064.dir/src.c.o  -o cmTryCompileExec3775674064 -rdynamic 
make[1]: Leaving directory `/home/zhangzhiliang/workspace/src/libgit2/build/CMakeFiles/CMakeTmp'

Source file was:
int main(void) { return 0; }
Performing C SOURCE FILE Test IS_WDECLARATION-AFTER-STATEMENT_SUPPORTED succeded with the following output:
Change Dir: /home/zhangzhiliang/workspace/src/libgit2/build/CMakeFiles/CMakeTmp

Run Build Command:/usr/bin/make "cmTryCompileExec899518986/fast"
/usr/bin/make -f CMakeFiles/cmTryCompileExec899518986.dir/build.make CMakeFiles/cmTryCompileExec899518986.dir/build
make[1]: Entering directory `/home/zhangzhiliang/workspace/src/libgit2/build/CMakeFiles/CMakeTmp'
/usr/bin/cmake -E cmake_progress_report /home/zhangzhiliang/workspace/src/libgit2/build/CMakeFiles/CMakeTmp/CMakeFiles 1
Building C object CMakeFiles/cmTryCompileExec899518986.dir/src.c.o
/usr/bin/cc   -D_GNU_SOURCE -Wall -Wextra  -fvisibility=hidden -fPIC -Wno-missing-field-initializers -Wstrict-aliasing=2 -Wstrict-prototypes -DIS_WDECLARATION-AFTER-STATEMENT_SUPPORTED   -Wdeclaration-after-statement -o CMakeFiles/cmTryCompileExec899518986.dir/src.c.o   -c /home/zhangzhiliang/workspace/src/libgit2/build/CMakeFiles/CMakeTmp/src.c
<command-line>:0:16: warning: missing whitespace after the macro name [enabled by default]
Linking C executable cmTryCompileExec899518986
/usr/bin/cmake -E cmake_link_script CMakeFiles/cmTryCompileExec899518986.dir/link.txt --verbose=1
/usr/bin/cc  -D_GNU_SOURCE -Wall -Wextra  -fvisibility=hidden -fPIC -Wno-missing-field-initializers -Wstrict-aliasing=2 -Wstrict-prototypes -DIS_WDECLARATION-AFTER-STATEMENT_SUPPORTED    CMakeFiles/cmTryCompileExec899518986.dir/src.c.o  -o cmTryCompileExec899518986 -rdynamic 
make[1]: Leaving directory `/home/zhangzhiliang/workspace/src/libgit2/build/CMakeFiles/CMakeTmp'

Source file was:
int main(void) { return 0; }
Performing C SOURCE FILE Test IS_WNO-UNUSED-FUNCTION_SUPPORTED succeded with the following output:
Change Dir: /home/zhangzhiliang/workspace/src/libgit2/build/CMakeFiles/CMakeTmp

Run Build Command:/usr/bin/make "cmTryCompileExec2172591833/fast"
/usr/bin/make -f CMakeFiles/cmTryCompileExec2172591833.dir/build.make CMakeFiles/cmTryCompileExec2172591833.dir/build
make[1]: Entering directory `/home/zhangzhiliang/workspace/src/libgit2/build/CMakeFiles/CMakeTmp'
/usr/bin/cmake -E cmake_progress_report /home/zhangzhiliang/workspace/src/libgit2/build/CMakeFiles/CMakeTmp/CMakeFiles 1
Building C object CMakeFiles/cmTryCompileExec2172591833.dir/src.c.o
/usr/bin/cc   -D_GNU_SOURCE -Wall -Wextra  -fvisibility=hidden -fPIC -Wno-missing-field-initializers -Wstrict-aliasing=2 -Wstrict-prototypes -Wdeclaration-after-statement -DIS_WNO-UNUSED-FUNCTION_SUPPORTED   -Wno-unused-function -o CMakeFiles/cmTryCompileExec2172591833.dir/src.c.o   -c /home/zhangzhiliang/workspace/src/libgit2/build/CMakeFiles/CMakeTmp/src.c
<command-line>:0:7: warning: missing whitespace after the macro name [enabled by default]
Linking C executable cmTryCompileExec2172591833
/usr/bin/cmake -E cmake_link_script CMakeFiles/cmTryCompileExec2172591833.dir/link.txt --verbose=1
/usr/bin/cc  -D_GNU_SOURCE -Wall -Wextra  -fvisibility=hidden -fPIC -Wno-missing-field-initializers -Wstrict-aliasing=2 -Wstrict-prototypes -Wdeclaration-after-statement -DIS_WNO-UNUSED-FUNCTION_SUPPORTED    CMakeFiles/cmTryCompileExec2172591833.dir/src.c.o  -o cmTryCompileExec2172591833 -rdynamic 
make[1]: Leaving directory `/home/zhangzhiliang/workspace/src/libgit2/build/CMakeFiles/CMakeTmp'

Source file was:
int main(void) { return 0; }
Determining if files pthread.h exist passed with the following output:
Change Dir: /home/zhangzhiliang/workspace/src/libgit2/build/CMakeFiles/CMakeTmp

Run Build Command:/usr/bin/make "cmTryCompileExec1310976341/fast"
/usr/bin/make -f CMakeFiles/cmTryCompileExec1310976341.dir/build.make CMakeFiles/cmTryCompileExec1310976341.dir/build
make[1]: 正在进入目录 `/home/zhangzhiliang/workspace/src/libgit2/build/CMakeFiles/CMakeTmp'
/usr/bin/cmake -E cmake_progress_report /home/zhangzhiliang/workspace/src/libgit2/build/CMakeFiles/CMakeTmp/CMakeFiles 1
Building C object CMakeFiles/cmTryCompileExec1310976341.dir/CheckIncludeFiles.c.o
/usr/bin/cc   -D_GNU_SOURCE -Wall -Wextra  -fvisibility=hidden -fPIC -Wno-missing-field-initializers -Wstrict-aliasing=2 -Wstrict-prototypes -Wdeclaration-after-statement -Wno-unused-function    -o CMakeFiles/cmTryCompileExec1310976341.dir/CheckIncludeFiles.c.o   -c /home/zhangzhiliang/workspace/src/libgit2/build/CMakeFiles/CMakeTmp/CheckIncludeFiles.c
/home/zhangzhiliang/workspace/src/libgit2/build/CMakeFiles/CMakeTmp/CheckIncludeFiles.c:5:5: warning: function declaration isn’t a prototype [-Wstrict-prototypes]
 int main(){return 0;}
     ^
Linking C executable cmTryCompileExec1310976341
/usr/bin/cmake -E cmake_link_script CMakeFiles/cmTryCompileExec1310976341.dir/link.txt --verbose=1
/usr/bin/cc  -D_GNU_SOURCE -Wall -Wextra  -fvisibility=hidden -fPIC -Wno-missing-field-initializers -Wstrict-aliasing=2 -Wstrict-prototypes -Wdeclaration-after-statement -Wno-unused-function     CMakeFiles/cmTryCompileExec1310976341.dir/CheckIncludeFiles.c.o  -o cmTryCompileExec1310976341 -rdynamic 
make[1]:正在离开目录 `/home/zhangzhiliang/workspace/src/libgit2/build/CMakeFiles/CMakeTmp'


Determining if the function pthread_create exists in the pthread passed with the following output:
Change Dir: /home/zhangzhiliang/workspace/src/libgit2/build/CMakeFiles/CMakeTmp

Run Build Command:/usr/bin/make "cmTryCompileExec1221478015/fast"
/usr/bin/make -f CMakeFiles/cmTryCompileExec1221478015.dir/build.make CMakeFiles/cmTryCompileExec1221478015.dir/build
make[1]: 正在进入目录 `/home/zhangzhiliang/workspace/src/libgit2/build/CMakeFiles/CMakeTmp'
/usr/bin/cmake -E cmake_progress_report /home/zhangzhiliang/workspace/src/libgit2/build/CMakeFiles/CMakeTmp/CMakeFiles 1
Building C object CMakeFiles/cmTryCompileExec1221478015.dir/CheckFunctionExists.c.o
/usr/bin/cc   -D_GNU_SOURCE -Wall -Wextra  -fvisibility=hidden -fPIC -Wno-missing-field-initializers -Wstrict-aliasing=2 -Wstrict-prototypes -Wdeclaration-after-statement -Wno-unused-function -DCHECK_FUNCTION_EXISTS=pthread_create   -o CMakeFiles/cmTryCompileExec1221478015.dir/CheckFunctionExists.c.o   -c /usr/share/cmake-2.8/Modules/CheckFunctionExists.c
/usr/share/cmake-2.8/Modules/CheckFunctionExists.c:3:1: warning: function declaration isn’t a prototype [-Wstrict-prototypes]
 char CHECK_FUNCTION_EXISTS();
 ^
Linking C executable cmTryCompileExec1221478015
/usr/bin/cmake -E cmake_link_script CMakeFiles/cmTryCompileExec1221478015.dir/link.txt --verbose=1
/usr/bin/cc  -D_GNU_SOURCE -Wall -Wextra  -fvisibility=hidden -fPIC -Wno-missing-field-initializers -Wstrict-aliasing=2 -Wstrict-prototypes -Wdeclaration-after-statement -Wno-unused-function -DCHECK_FUNCTION_EXISTS=pthread_create    CMakeFiles/cmTryCompileExec1221478015.dir/CheckFunctionExists.c.o  -o cmTryCompileExec1221478015 -rdynamic -lpthread 
make[1]:正在离开目录 `/home/zhangzhiliang/workspace/src/libgit2/build/CMakeFiles/CMakeTmp'


Determining if the function clock_gettime exists in the rt passed with the following output:
Change Dir: /home/zhangzhiliang/workspace/src/libgit2/build/CMakeFiles/CMakeTmp

Run Build Command:/usr/bin/make "cmTryCompileExec3956265957/fast"
/usr/bin/make -f CMakeFiles/cmTryCompileExec3956265957.dir/build.make CMakeFiles/cmTryCompileExec3956265957.dir/build
make[1]: 正在进入目录 `/home/zhangzhiliang/workspace/src/libgit2/build/CMakeFiles/CMakeTmp'
/usr/bin/cmake -E cmake_progress_report /home/zhangzhiliang/workspace/src/libgit2/build/CMakeFiles/CMakeTmp/CMakeFiles 1
Building C object CMakeFiles/cmTryCompileExec3956265957.dir/CheckFunctionExists.c.o
/usr/bin/cc   -D_GNU_SOURCE -Wall -Wextra  -fvisibility=hidden -fPIC -Wno-missing-field-initializers -Wstrict-aliasing=2 -Wstrict-prototypes -Wdeclaration-after-statement -Wno-unused-function -DCHECK_FUNCTION_EXISTS=clock_gettime   -o CMakeFiles/cmTryCompileExec3956265957.dir/CheckFunctionExists.c.o   -c /usr/share/cmake-2.8/Modules/CheckFunctionExists.c
/usr/share/cmake-2.8/Modules/CheckFunctionExists.c:3:1: warning: function declaration isn’t a prototype [-Wstrict-prototypes]
 char CHECK_FUNCTION_EXISTS();
 ^
Linking C executable cmTryCompileExec3956265957
/usr/bin/cmake -E cmake_link_script CMakeFiles/cmTryCompileExec3956265957.dir/link.txt --verbose=1
/usr/bin/cc  -D_GNU_SOURCE -Wall -Wextra  -fvisibility=hidden -fPIC -Wno-missing-field-initializers -Wstrict-aliasing=2 -Wstrict-prototypes -Wdeclaration-after-statement -Wno-unused-function -DCHECK_FUNCTION_EXISTS=clock_gettime    CMakeFiles/cmTryCompileExec3956265957.dir/CheckFunctionExists.c.o  -o cmTryCompileExec3956265957  -L/home/zhangzhiliang/workspace/src/libgit2/build/CMakeFiles/CMakeTmp/time.h -rdynamic -lrt -Wl,-rpath,/home/zhangzhiliang/workspace/src/libgit2/build/CMakeFiles/CMakeTmp/time.h 
make[1]:正在离开目录 `/home/zhangzhiliang/workspace/src/libgit2/build/CMakeFiles/CMakeTmp'


